{"ts":1777414557027,"tool":"edit_file","path":"crates/runtime/src/prompt.rs","outcome":"Failed","before":"0625a46d808bcc8e9a637852114cfcb541602e80faf70d6f80ec17e3386369fc","after":"0625a46d808bcc8e9a637852114cfcb541602e80faf70d6f80ec17e3386369fc"}
{"ts":1777414561102,"tool":"edit_file","path":"crates/runtime/src/prompt.rs","outcome":"Failed","before":"0625a46d808bcc8e9a637852114cfcb541602e80faf70d6f80ec17e3386369fc","after":"0625a46d808bcc8e9a637852114cfcb541602e80faf70d6f80ec17e3386369fc"}
{"ts":1777414566638,"tool":"edit_file","path":"crates/runtime/src/prompt.rs","outcome":"Failed","before":"0625a46d808bcc8e9a637852114cfcb541602e80faf70d6f80ec17e3386369fc","after":"0625a46d808bcc8e9a637852114cfcb541602e80faf70d6f80ec17e3386369fc"}
{"ts":1777414576234,"tool":"edit_file","path":"crates/runtime/src/prompt.rs","outcome":"Verified","before":"aa65c18285ae8356422fd5d60270294ac928d3476086cef0651f582bbfde36e2","after":"5f922a8414e1245421c25e7ec4676979e6767afac1da3e0cf4d0279d39572b9e"}
{"ts":1777419219192,"tool":"write_file","path":"ANALISE_BATCHES.md","outcome":"Verified","before":null,"after":"4253976c4a97f145887533cb45f606b0960cfd42f1cf5614e7619238f27e2c41"}
{"ts":1777419259081,"tool":"write_file","path":"BATCHES_CHEAT_SHEET.md","outcome":"Verified","before":null,"after":"c65ca41081c440e5f0fc3a1cfce48112edc86d66cd415ce562a4239af42756ff"}
{"ts":1777423551921,"tool":"write_file","path":"EXTENDED_THINKING_ANALYSIS.md","outcome":"Verified","before":null,"after":"39a8a4587f86fe3fb10d5b820e0683c34ba8e545aacfef275908e241a4af3176"}
{"ts":1777423576156,"tool":"write_file","path":"THINKING_SUMMARY.md","outcome":"Verified","before":null,"after":"30316ae14cf78bbd400fa83acb776ad2c7d93e61e44df29ee2f2aa9d6fa49460"}
{"ts":1777426534194,"tool":"swd_full","path":"crates/api/src/types.rs","outcome":"Drift","before":"a3721e0e1bbeb3ac6734c03b96b3edc6ff4ea73b43e0096507857fad9258862a","after":"95229bc8e087600b5ef49ee766fe44ed681eab60fe35f350b865c36aae58cfa8"}
{"ts":1777426711100,"tool":"swd_full","path":"crates/api/src/types.rs","outcome":"Noop","before":"95229bc8e087600b5ef49ee766fe44ed681eab60fe35f350b865c36aae58cfa8","after":"95229bc8e087600b5ef49ee766fe44ed681eab60fe35f350b865c36aae58cfa8"}
{"ts":1777473794676,"tool":"write_file","path":"/Users/williamduarte/NCMproduto/integracoes/cratesIO/elai-code/.elai/skills/rust-best-practices/SKILL.md","outcome":"Verified","before":null,"after":"2ae227472db496ed296e5ed85682f24ad4da4fbf6307f0815278ad84b97070a4"}
{"ts":1777491015466,"tool":"write_file","path":"/Users/williamduarte/NCMproduto/integracoes/cratesIO/elai-code/rust/docs/lauto-proposta-nokk.md","outcome":"Verified","before":null,"after":"1bc64e2d19771468590934311ff84df9f7aa93f68027271e8c04a7f47551fdde"}
{"ts":1777493207229,"tool":"write_file","path":"scripts/lauto_unit_econ.py","outcome":"Verified","before":null,"after":"89ba99f38a773736c36f73b990b9f75f46cbe57f1d95524fd95a67e430350ea0"}
{"ts":1777493342298,"tool":"edit_file","path":"docs/lauto-proposta-nokk.md","outcome":"Verified","before":"d1713327f2a4a4e650bb442ebce8ce75f30ae2983dda81dbb904cbc30b3df262","after":"01282bd7d3a4b69e80c9db772101d65953157ebff23ffc82cc142721a4dffef6"}
{"ts":1777493403173,"tool":"write_file","path":"docs/pricing/unit-economics.md","outcome":"Verified","before":null,"after":"aadd862958e7324d06d6ba6e46242d336a2de1a5befa1ce0e622af4140031312"}
{"ts":1777494643857,"tool":"write_file","path":"docs/editais_exemplo/README.md","outcome":"Verified","before":null,"after":"4a3553579d1c3a5f1f04ec4a7bed80dec9edb65c27dd409634bf3defa9e2a170"}
{"ts":1777495023444,"tool":"write_file","path":"scripts/lauto_bid_demo.py","outcome":"Verified","before":null,"after":"1aad62b056aeadf8d4f640a0385860d54a948c83b199b30a12de5952b9f6044c"}
{"ts":1777495140438,"tool":"write_file","path":"docs/pricing/demo-de-venda.md","outcome":"Verified","before":null,"after":"aeb2a3a9e26967759c2e8abbd5b3bbdb0a274e7297baab57fe115a4196beb84c"}
{"ts":1777495220771,"tool":"write_file","path":"crates/lauto-pricing/Cargo.toml","outcome":"Verified","before":null,"after":"63b8e69eaf21a9bd840b4d54925f06a3a7f3420575078cbe4a4ea3755f171393"}
{"ts":1777495229285,"tool":"write_file","path":"crates/lauto-pricing/src/lib.rs","outcome":"Verified","before":null,"after":"26fb6e2cb34ba7bdb081cd66602a9bbb089f3b649daf8ac56ab3b49cb6226b38"}
{"ts":1777495246159,"tool":"write_file","path":"crates/lauto-pricing/src/pdf.rs","outcome":"Verified","before":null,"after":"93ec2692e93e1078ba840c4ec5c05f8b9618d9c6f6448a93ac384498167c81c8"}
{"ts":1777495279553,"tool":"write_file","path":"crates/lauto-pricing/src/patterns.rs","outcome":"Verified","before":null,"after":"72399e08ce6e1d57fdfca9178ba8f8f07d103f58616ee2985a35efcd4e815755"}
{"ts":1777495301065,"tool":"write_file","path":"crates/lauto-pricing/src/pricing.rs","outcome":"Verified","before":null,"after":"7dc379d3912d29877abce402995e33a99a5b00352d77104b24867e06e6e99ce2"}
{"ts":1777495316379,"tool":"write_file","path":"crates/lauto-pricing/src/tier.rs","outcome":"Verified","before":null,"after":"e2ee612cc66afff847ebe847c6a9eaa74fb2b1cf66ec6245d783c8c82d495d38"}
{"ts":1777495352927,"tool":"write_file","path":"crates/lauto-pricing/src/unit_econ.rs","outcome":"Verified","before":null,"after":"fef2f1c938f2b79c6036562d2216f156e661dcd25b74385eb88d14e9770f5b6a"}
{"ts":1777495428871,"tool":"write_file","path":"crates/lauto-pricing/src/bid.rs","outcome":"Verified","before":null,"after":"95802159b75eeaceca6330b36cd00f20cd552c5e96c7c9522370f831c52c8167"}
{"ts":1777495452840,"tool":"write_file","path":"crates/lauto-pricing/src/bin/unit_econ.rs","outcome":"Verified","before":null,"after":"4a4a6bbdf97f6e9df2d548c74c98034f25ae84a15889acca7eb5025034bd229e"}
{"ts":1777495486517,"tool":"write_file","path":"crates/lauto-pricing/src/bin/bid_demo.rs","outcome":"Verified","before":null,"after":"57a30d44a773498cf4e24c0a4783d28433a6ed63fcc0e34c7e5005271763dd27"}
{"ts":1777495543577,"tool":"edit_file","path":"crates/lauto-pricing/src/lib.rs","outcome":"Verified","before":"26fb6e2cb34ba7bdb081cd66602a9bbb089f3b649daf8ac56ab3b49cb6226b38","after":"e25ab830d6dba34f8299793f86f850e9c7105c23e29041cd8c26c26d4c6a9307"}
{"ts":1777495548649,"tool":"edit_file","path":"crates/lauto-pricing/src/pdf.rs","outcome":"Verified","before":"93ec2692e93e1078ba840c4ec5c05f8b9618d9c6f6448a93ac384498167c81c8","after":"5c83270fecad92f94e832b7db209a1c3d336db453577c081afeaa0c07bfc98ab"}
{"ts":1777495554758,"tool":"edit_file","path":"crates/lauto-pricing/src/bid.rs","outcome":"Verified","before":"95802159b75eeaceca6330b36cd00f20cd552c5e96c7c9522370f831c52c8167","after":"6932877a0a519487a1a0cef2691333300462c68857976e83068f82c2b7af26c2"}
{"ts":1777495559214,"tool":"edit_file","path":"crates/lauto-pricing/src/bid.rs","outcome":"Verified","before":"6932877a0a519487a1a0cef2691333300462c68857976e83068f82c2b7af26c2","after":"a93e4b3007ec641c37056af542d7c7583597e6a4d3978bd981eeefb5a697df27"}
{"ts":1777495567887,"tool":"edit_file","path":"crates/lauto-pricing/src/bid.rs","outcome":"Verified","before":"a93e4b3007ec641c37056af542d7c7583597e6a4d3978bd981eeefb5a697df27","after":"0584df07ff940b3a8e8df5231043ccad6a58c17aa51422c4c5a43fc3934109e5"}
{"ts":1777495578982,"tool":"edit_file","path":"crates/lauto-pricing/src/bid.rs","outcome":"Verified","before":"0584df07ff940b3a8e8df5231043ccad6a58c17aa51422c4c5a43fc3934109e5","after":"a63609b288082fcdec5910bfc0e3e4759be72282d5da71e46cd6a9f57bfb9982"}
{"ts":1777495597091,"tool":"edit_file","path":"crates/lauto-pricing/src/unit_econ.rs","outcome":"Verified","before":"fef2f1c938f2b79c6036562d2216f156e661dcd25b74385eb88d14e9770f5b6a","after":"57c4e359e1bf11688840256332ea5ba419426688348ed3d8ddc2edbc3b643422"}
{"ts":1777495602488,"tool":"edit_file","path":"crates/lauto-pricing/src/unit_econ.rs","outcome":"Verified","before":"57c4e359e1bf11688840256332ea5ba419426688348ed3d8ddc2edbc3b643422","after":"974482b63270981b5e94fb2a38479acae5e85397ef872eb241875b1a100e6731"}
{"ts":1777495607450,"tool":"edit_file","path":"crates/lauto-pricing/src/unit_econ.rs","outcome":"Verified","before":"974482b63270981b5e94fb2a38479acae5e85397ef872eb241875b1a100e6731","after":"42790947d0ba3ce1079c3eeef57be46fa7d287e8f1d54af4878959b66f5f69bf"}
{"ts":1777495612030,"tool":"edit_file","path":"crates/lauto-pricing/src/unit_econ.rs","outcome":"Verified","before":"42790947d0ba3ce1079c3eeef57be46fa7d287e8f1d54af4878959b66f5f69bf","after":"e14f255ac7395476286a2f8facf4592d378ee1e443ca6d453e03db87741fab9a"}
{"ts":1777495623595,"tool":"edit_file","path":"crates/lauto-pricing/src/bin/bid_demo.rs","outcome":"Verified","before":"57a30d44a773498cf4e24c0a4783d28433a6ed63fcc0e34c7e5005271763dd27","after":"a7ff2391edf80b899d237c7c76b2561c0f5156ea35ed19333b2cfe0a0de817d8"}
{"ts":1777495656143,"tool":"edit_file","path":"crates/lauto-pricing/src/patterns.rs","outcome":"Verified","before":"72399e08ce6e1d57fdfca9178ba8f8f07d103f58616ee2985a35efcd4e815755","after":"de190d0db1ddd9ac2e9625baab76f6fdbca6a7850be1b539f5fa7f28b27cfe3d"}
{"ts":1777498618587,"tool":"write_file","path":"docs/pricing/modelos-precificacao-agentes-ia.md","outcome":"Verified","before":null,"after":"d6a0bad095d8771e61201541ddcaa51e4d7b53d527a2fccc447919a8d4d1f828"}
{"ts":1777498647324,"tool":"write_file","path":"docs/pricing/EXECUTIVE_SUMMARY.md","outcome":"Verified","before":null,"after":"6f0de367b1b0be678d3351cd28606a2d430ed1f840ccd09a798ed7559907fc7c"}
{"ts":1777498974559,"tool":"write_file","path":"/tmp/lauto_section9.md","outcome":"Verified","before":null,"after":"222f6eaa5f5ec20df91f7c65d5f3d5599caab2945d0e95568f5306027f262a3d"}
