
> @nexa/chat@0.0.1 dev
> vite --port 5174


  VITE v8.0.11  ready in 350 ms

  ➜  Local:   http://localhost:5174/
  ➜  Network: use --host to expose

> @nexa/chat@0.0.1 dev
> vite --port 5174


  VITE v8.0.11  ready in 294 ms

  ➜  Local:   http://localhost:5174/
  ➜  Network: use --host to expose

> @nexa/chat@0.0.1 dev
> vite --port 5174


  VITE v8.0.11  ready in 250 ms

  ➜  Local:   http://localhost:5174/
  ➜  Network: use --host to expose
13:37:15 [vite] vite.config.ts changed, restarting server...
13:37:15 [vite] server restarted.
13:37:17 [vite] http proxy error: /v1/me
AggregateError [ECONNREFUSED]: 
    at internalConnectMultiple (node:net:1122:18)
    at afterConnectMultiple (node:net:1689:7)
13:37:17 [vite] http proxy error: /v1/conversations
AggregateError [ECONNREFUSED]: 
    at internalConnectMultiple (node:net:1122:18)
    at afterConnectMultiple (node:net:1689:7)
13:37:24 [vite] (client) hmr update /src/assets/main.css, /src/views/ChatView.vue
13:38:04 [vite] .env changed, restarting server...
13:38:04 [vite] server restarted.
13:38:06 [vite] http proxy error: /v1/me
AggregateError [ECONNREFUSED]: 
    at internalConnectMultiple (node:net:1122:18)
    at afterConnectMultiple (node:net:1689:7)

> @nexa/chat@0.0.1 dev
> vite --port 5174


  VITE v8.0.11  ready in 280 ms

  ➜  Local:   http://localhost:5174/
  ➜  Network: use --host to expose
13:40:56 [vite] http proxy error: /v1/me
AggregateError [ECONNREFUSED]: 
    at internalConnectMultiple (node:net:1122:18)
    at afterConnectMultiple (node:net:1689:7)
13:41:17 [vite] http proxy error: /v1/me
AggregateError [ECONNREFUSED]: 
    at internalConnectMultiple (node:net:1122:18)
    at afterConnectMultiple (node:net:1689:7)
13:41:22 [vite] http proxy error: /v1/me
AggregateError [ECONNREFUSED]: 
    at internalConnectMultiple (node:net:1122:18)
    at afterConnectMultiple (node:net:1689:7)
13:42:49 [vite] vite.config.ts changed, restarting server...
13:42:49 [vite] server restarted.

> @nexa/chat@0.0.1 dev
> vite --port 5174


  VITE v8.0.11  ready in 222 ms

  ➜  Local:   http://localhost:5174/
  ➜  Network: use --host to expose

> @nexa/chat@0.0.1 dev
> vite --port 5174


  VITE v8.0.11  ready in 216 ms

  ➜  Local:   http://localhost:5174/
  ➜  Network: use --host to expose
13:45:54 [vite] (client) hmr update /src/assets/main.css, /src/views/ChatView.vue
13:46:49 [vite] (client) hmr update /src/views/ChatView.vue, /src/assets/main.css
13:46:53 [vite] (client) hmr update /src/views/ChatView.vue, /src/assets/main.css
13:47:08 [vite] (client) hmr update /src/views/ChatView.vue, /src/assets/main.css
13:47:21 [vite] (client) hmr update /src/views/ChatView.vue, /src/assets/main.css
13:47:38 [vite] (client) hmr update /src/views/ChatView.vue, /src/assets/main.css

> @nexa/chat@0.0.1 dev
> vite --port 5174


  VITE v8.0.11  ready in 301 ms

  ➜  Local:   http://localhost:5174/
  ➜  Network: use --host to expose
13:49:50 [vite] (client) hmr update /src/views/ChatView.vue, /src/assets/main.css
13:50:02 [vite] (client) hmr update /src/assets/main.css, /src/views/ChatView.vue
13:50:13 [vite] (client) hmr update /src/views/ChatView.vue, /src/assets/main.css
13:55:34 [vite] (client) hmr update /src/views/ChatView.vue, /src/assets/main.css
13:55:35 [vite] (client) hmr update /src/views/ChatView.vue, /src/assets/main.css
13:55:35 [vite] (client) hmr update /src/views/ChatView.vue, /src/assets/main.css
14:00:23 [vite] (client) hmr update /src/assets/main.css
14:00:23 [vite] (client) hmr update /src/views/LoginView.vue, /src/assets/main.css
14:01:59 [vite] (client) hmr update /src/assets/main.css
14:04:37 [vite] (client) hmr update /src/assets/main.css, /src/views/ChatView.vue
14:05:00 [vite] (client) hmr update /src/views/ChatView.vue, /src/assets/main.css

> @nexa/chat@0.0.1 dev
> vite --port 5174


  VITE v8.0.11  ready in 303 ms

  ➜  Local:   http://localhost:5174/
  ➜  Network: use --host to expose
14:07:27 [vite] (client) hmr update /src/assets/main.css, /src/views/ChatView.vue
14:07:38 [vite] (client) hmr update /src/views/ChatView.vue, /src/assets/main.css
14:08:43 [vite] (client) hmr update /src/assets/main.css, /src/views/ChatView.vue
14:10:53 [vite] (client) hmr update /src/assets/main.css, /src/views/ChatView.vue

> @nexa/chat@0.0.1 dev
> vite --port 5174


  VITE v8.0.11  ready in 283 ms

  ➜  Local:   http://localhost:5174/
  ➜  Network: use --host to expose

> @nexa/chat@0.0.1 dev
> vite --port 5174


  VITE v8.0.11  ready in 252 ms

  ➜  Local:   http://localhost:5174/
  ➜  Network: use --host to expose
14:15:49 [vite] (client) hmr update /src/assets/main.css, /src/views/ChatView.vue

> @nexa/chat@0.0.1 dev
> vite --port 5174


  VITE v8.0.11  ready in 252 ms

  ➜  Local:   http://localhost:5174/
  ➜  Network: use --host to expose
14:18:36 [vite] (client) hmr update /src/assets/main.css, /src/views/ChatView.vue

> @nexa/chat@0.0.1 dev
> vite --port 5174


  VITE v8.0.11  ready in 239 ms

  ➜  Local:   http://localhost:5174/
  ➜  Network: use --host to expose
14:22:11 [vite] (client) hmr update /src/assets/main.css, /src/views/ChatView.vue
14:22:50 [vite] (client) hmr update /src/assets/main.css, /src/views/ChatView.vue

> @nexa/chat@0.0.1 dev
> vite --port 5174


  VITE v8.0.11  ready in 316 ms

  ➜  Local:   http://localhost:5174/
  ➜  Network: use --host to expose

> @nexa/chat@0.0.1 dev
> vite --port 5174


  VITE v8.0.11  ready in 275 ms

  ➜  Local:   http://localhost:5174/
  ➜  Network: use --host to expose
